2024-09-05 07:08:46 - INFO - cool
2024-09-05 07:11:30 - INFO - cool
2024-09-05 07:12:39 - INFO - cool
2024-09-05 07:13:58 - INFO - cool
2024-09-05 07:15:49 - INFO - cool
2024-09-05 07:15:49 - INFO - it is a good day
2024-09-05 07:49:27 - DEBUG - STREAM b'IHDR' 16 13
2024-09-05 07:49:27 - DEBUG - STREAM b'IDAT' 41 65536
2024-09-05 07:49:27 - DEBUG - STREAM b'IHDR' 16 13
2024-09-05 07:49:27 - DEBUG - STREAM b'IDAT' 41 65536
2024-09-05 07:49:27 - DEBUG - STREAM b'IHDR' 16 13
2024-09-05 07:49:27 - DEBUG - STREAM b'IDAT' 41 8192
2024-09-05 07:49:27 - DEBUG - STREAM b'IHDR' 16 13
2024-09-05 07:49:27 - DEBUG - STREAM b'IDAT' 41 65536
2024-09-05 07:49:27 - DEBUG - STREAM b'IHDR' 16 13
2024-09-05 07:49:27 - DEBUG - STREAM b'IDAT' 41 65536
2024-09-05 07:49:28 - DEBUG - STREAM b'IHDR' 16 13
2024-09-05 07:49:28 - DEBUG - STREAM b'IDAT' 41 65536
2024-09-05 07:49:28 - DEBUG - STREAM b'IHDR' 16 13
2024-09-05 07:49:28 - DEBUG - STREAM b'IDAT' 41 65536
2024-09-05 07:49:28 - DEBUG - STREAM b'IHDR' 16 13
2024-09-05 07:49:28 - DEBUG - STREAM b'IDAT' 41 65536
2024-09-05 07:49:28 - DEBUG - STREAM b'IHDR' 16 13
2024-09-05 07:49:28 - DEBUG - STREAM b'IDAT' 41 65536
2024-09-05 07:49:28 - DEBUG - STREAM b'IHDR' 16 13
2024-09-05 07:49:28 - DEBUG - STREAM b'IDAT' 41 65536
2024-09-05 07:49:28 - DEBUG - STREAM b'IHDR' 16 13
2024-09-05 07:49:28 - DEBUG - STREAM b'IDAT' 41 65536
2024-09-05 07:49:28 - DEBUG - STREAM b'IHDR' 16 13
2024-09-05 07:49:28 - DEBUG - STREAM b'IDAT' 41 65536
2024-09-05 07:49:28 - DEBUG - STREAM b'IHDR' 16 13
2024-09-05 07:49:28 - DEBUG - STREAM b'IDAT' 41 65536
2024-09-05 07:49:28 - DEBUG - STREAM b'IHDR' 16 13
2024-09-05 07:49:28 - DEBUG - STREAM b'IDAT' 41 65536
2024-09-05 07:49:28 - DEBUG - STREAM b'IHDR' 16 13
2024-09-05 07:49:28 - DEBUG - STREAM b'IDAT' 41 65536
2024-09-05 07:49:28 - DEBUG - STREAM b'IHDR' 16 13
2024-09-05 07:49:28 - DEBUG - STREAM b'IDAT' 41 65536
2024-09-05 07:49:28 - DEBUG - STREAM b'IHDR' 16 13
2024-09-05 07:49:28 - DEBUG - STREAM b'IDAT' 41 65536
2024-09-05 07:49:29 - DEBUG - STREAM b'IHDR' 16 13
2024-09-05 07:49:29 - DEBUG - STREAM b'IDAT' 41 65536
2024-09-05 07:51:20 - ERROR - expecting the last two dimensions of the Tensor to be H and W instead got torch.Size([1944, 2592])
2024-09-05 07:51:20 - ERROR - expecting the last two dimensions of the Tensor to be H and W instead got torch.Size([1944, 2592])
2024-09-05 07:52:14 - ERROR - expecting the last two dimensions of the Tensor to be H and W instead got torch.Size([1944, 2592])
2024-09-05 07:52:45 - ERROR - expecting the last two dimensions of the Tensor to be H and W instead got torch.Size([1944, 2596])
2024-09-06 08:09:01 - INFO - Epoch [1], train_Loss_average: 2.4899, val_Loss_average: 1.1796, epoch_Time: 11.90s
2024-09-06 08:09:13 - INFO - Epoch [2], train_Loss_average: 2.3315, val_Loss_average: 1.4662, epoch_Time: 11.31s
2024-09-06 08:09:24 - INFO - Epoch [3], train_Loss_average: 2.0162, val_Loss_average: 1.3994, epoch_Time: 11.39s
2024-09-06 08:09:36 - INFO - Epoch [4], train_Loss_average: 1.9827, val_Loss_average: 1.4166, epoch_Time: 11.87s
2024-09-06 08:09:48 - INFO - Epoch [5], train_Loss_average: 1.7798, val_Loss_average: 1.3558, epoch_Time: 11.51s
2024-09-06 08:09:59 - INFO - Epoch [6], train_Loss_average: 1.7411, val_Loss_average: 1.1954, epoch_Time: 11.62s
2024-09-06 08:10:11 - INFO - Epoch [7], train_Loss_average: 1.5769, val_Loss_average: 1.1145, epoch_Time: 11.49s
2024-09-06 08:10:22 - INFO - Epoch [8], train_Loss_average: 1.4831, val_Loss_average: 1.1958, epoch_Time: 11.37s
2024-09-06 08:10:34 - INFO - Epoch [9], train_Loss_average: 1.4481, val_Loss_average: 1.2842, epoch_Time: 11.68s
2024-09-06 08:10:46 - INFO - Epoch [10], train_Loss_average: 1.3701, val_Loss_average: 1.1606, epoch_Time: 11.80s
2024-09-06 08:10:58 - INFO - Epoch [11], train_Loss_average: 1.2879, val_Loss_average: 1.1837, epoch_Time: 12.07s
2024-09-06 08:11:10 - INFO - Epoch [12], train_Loss_average: 1.2198, val_Loss_average: 1.1520, epoch_Time: 12.11s
2024-09-06 08:11:22 - INFO - Epoch [13], train_Loss_average: 1.1349, val_Loss_average: 1.0533, epoch_Time: 11.60s
2024-09-06 08:11:34 - INFO - Epoch [14], train_Loss_average: 1.1188, val_Loss_average: 1.0636, epoch_Time: 11.41s
2024-09-06 08:11:46 - INFO - Epoch [15], train_Loss_average: 1.0789, val_Loss_average: 1.0994, epoch_Time: 12.07s
2024-09-06 08:11:57 - INFO - Epoch [16], train_Loss_average: 1.0487, val_Loss_average: 1.0844, epoch_Time: 11.85s
2024-09-06 08:12:09 - INFO - Epoch [17], train_Loss_average: 1.0342, val_Loss_average: 1.1887, epoch_Time: 11.70s
2024-09-06 08:12:21 - INFO - Epoch [18], train_Loss_average: 0.9884, val_Loss_average: 1.1034, epoch_Time: 12.11s
2024-09-06 08:12:33 - INFO - Epoch [19], train_Loss_average: 0.9680, val_Loss_average: 1.0839, epoch_Time: 12.09s
2024-09-06 08:12:45 - INFO - Epoch [20], train_Loss_average: 0.8720, val_Loss_average: 1.1120, epoch_Time: 11.53s
2024-09-06 08:12:57 - INFO - Epoch [21], train_Loss_average: 0.8643, val_Loss_average: 1.1115, epoch_Time: 11.83s
2024-09-06 08:13:09 - INFO - Epoch [22], train_Loss_average: 0.8446, val_Loss_average: 1.2162, epoch_Time: 11.80s
2024-09-06 08:13:21 - INFO - Epoch [23], train_Loss_average: 0.8315, val_Loss_average: 1.0695, epoch_Time: 11.89s
2024-09-06 08:13:33 - INFO - Epoch [24], train_Loss_average: 0.8323, val_Loss_average: 1.0441, epoch_Time: 11.87s
2024-09-06 08:13:45 - INFO - Epoch [25], train_Loss_average: 0.8839, val_Loss_average: 1.1762, epoch_Time: 12.03s
2024-09-06 08:13:57 - INFO - Epoch [26], train_Loss_average: 0.8534, val_Loss_average: 1.0184, epoch_Time: 12.23s
2024-09-06 08:14:09 - INFO - Epoch [27], train_Loss_average: 0.8238, val_Loss_average: 1.0871, epoch_Time: 11.69s
2024-09-06 08:14:21 - INFO - Epoch [28], train_Loss_average: 0.7553, val_Loss_average: 1.0574, epoch_Time: 11.78s
2024-09-06 08:14:32 - INFO - Epoch [29], train_Loss_average: 0.7359, val_Loss_average: 1.1002, epoch_Time: 11.79s
2024-09-06 08:14:44 - INFO - Epoch [30], train_Loss_average: 0.7191, val_Loss_average: 1.1680, epoch_Time: 11.91s
2024-09-06 08:14:56 - INFO - Epoch [31], train_Loss_average: 0.6390, val_Loss_average: 1.0934, epoch_Time: 11.61s
2024-09-06 08:15:09 - INFO - Epoch [32], train_Loss_average: 0.6532, val_Loss_average: 1.1153, epoch_Time: 12.17s
2024-09-06 08:15:21 - INFO - Epoch [33], train_Loss_average: 0.6262, val_Loss_average: 1.0992, epoch_Time: 12.45s
2024-09-06 08:15:33 - INFO - Epoch [34], train_Loss_average: 0.6282, val_Loss_average: 1.0811, epoch_Time: 12.07s
2024-09-06 08:15:45 - INFO - Epoch [35], train_Loss_average: 0.6156, val_Loss_average: 1.0755, epoch_Time: 11.88s
2024-09-06 08:15:57 - INFO - Epoch [36], train_Loss_average: 0.6548, val_Loss_average: 1.0489, epoch_Time: 11.88s
2024-09-06 08:16:08 - INFO - Epoch [37], train_Loss_average: 0.5819, val_Loss_average: 1.1136, epoch_Time: 11.40s
2024-09-06 08:16:20 - INFO - Epoch [38], train_Loss_average: 0.5955, val_Loss_average: 1.0359, epoch_Time: 11.65s
2024-09-06 08:16:32 - INFO - Epoch [39], train_Loss_average: 0.5426, val_Loss_average: 1.1308, epoch_Time: 12.03s
2024-09-06 08:16:44 - INFO - Epoch [40], train_Loss_average: 0.5356, val_Loss_average: 1.0578, epoch_Time: 12.00s
2024-09-06 08:16:56 - INFO - Epoch [41], train_Loss_average: 0.4876, val_Loss_average: 1.0854, epoch_Time: 11.73s
2024-09-06 08:17:08 - INFO - Epoch [42], train_Loss_average: 0.5591, val_Loss_average: 1.0365, epoch_Time: 11.70s
2024-09-06 08:17:20 - INFO - Epoch [43], train_Loss_average: 0.5497, val_Loss_average: 1.0568, epoch_Time: 11.77s
2024-09-06 08:17:31 - INFO - Epoch [44], train_Loss_average: 0.5153, val_Loss_average: 1.0896, epoch_Time: 11.61s
2024-09-06 08:17:43 - INFO - Epoch [45], train_Loss_average: 0.5091, val_Loss_average: 1.0970, epoch_Time: 12.02s
2024-09-06 08:17:55 - INFO - Epoch [46], train_Loss_average: 0.4693, val_Loss_average: 1.0605, epoch_Time: 11.76s
2024-09-06 08:18:07 - INFO - Epoch [47], train_Loss_average: 0.4746, val_Loss_average: 1.0684, epoch_Time: 11.63s
2024-09-06 08:18:18 - INFO - Epoch [48], train_Loss_average: 0.4536, val_Loss_average: 1.1137, epoch_Time: 11.83s
2024-09-06 08:18:30 - INFO - Epoch [49], train_Loss_average: 0.4658, val_Loss_average: 1.0768, epoch_Time: 11.82s
2024-09-06 08:18:42 - INFO - Epoch [50], train_Loss_average: 0.4501, val_Loss_average: 1.0898, epoch_Time: 11.57s
2024-09-06 08:18:54 - INFO - Epoch [51], train_Loss_average: 0.4506, val_Loss_average: 1.1002, epoch_Time: 12.51s
2024-09-06 08:19:07 - INFO - Epoch [52], train_Loss_average: 0.4572, val_Loss_average: 1.1384, epoch_Time: 12.34s
2024-09-06 08:19:19 - INFO - Epoch [53], train_Loss_average: 0.4577, val_Loss_average: 1.0470, epoch_Time: 11.54s
2024-09-06 08:19:30 - INFO - Epoch [54], train_Loss_average: 0.4168, val_Loss_average: 1.0827, epoch_Time: 11.72s
2024-09-06 08:19:42 - INFO - Epoch [55], train_Loss_average: 0.4335, val_Loss_average: 1.0541, epoch_Time: 11.52s
2024-09-06 08:19:54 - INFO - Epoch [56], train_Loss_average: 0.4325, val_Loss_average: 1.1136, epoch_Time: 11.58s
2024-09-06 08:20:05 - INFO - Epoch [57], train_Loss_average: 0.4175, val_Loss_average: 1.0751, epoch_Time: 11.81s
2024-09-06 08:20:17 - INFO - Epoch [58], train_Loss_average: 0.4078, val_Loss_average: 1.0725, epoch_Time: 11.64s
2024-09-06 08:20:29 - INFO - Epoch [59], train_Loss_average: 0.3933, val_Loss_average: 1.0859, epoch_Time: 11.92s
2024-09-06 08:20:41 - INFO - Epoch [60], train_Loss_average: 0.3882, val_Loss_average: 1.0783, epoch_Time: 11.91s
2024-09-06 08:20:53 - INFO - Epoch [61], train_Loss_average: 0.4165, val_Loss_average: 1.0939, epoch_Time: 12.33s
2024-09-06 08:21:06 - INFO - Epoch [62], train_Loss_average: 0.3925, val_Loss_average: 1.0400, epoch_Time: 11.92s
2024-09-06 08:21:18 - INFO - Epoch [63], train_Loss_average: 0.3610, val_Loss_average: 1.1264, epoch_Time: 11.94s
2024-09-06 08:21:30 - INFO - Epoch [64], train_Loss_average: 0.3654, val_Loss_average: 1.1425, epoch_Time: 12.08s
2024-09-06 08:21:42 - INFO - Epoch [65], train_Loss_average: 0.4020, val_Loss_average: 1.0920, epoch_Time: 11.88s
2024-09-06 08:21:54 - INFO - Epoch [66], train_Loss_average: 0.3695, val_Loss_average: 1.1015, epoch_Time: 12.03s
2024-09-06 08:22:06 - INFO - Epoch [67], train_Loss_average: 0.3669, val_Loss_average: 1.1182, epoch_Time: 12.46s
2024-09-06 08:22:18 - INFO - Epoch [68], train_Loss_average: 0.3679, val_Loss_average: 1.0826, epoch_Time: 11.92s
2024-09-06 08:22:30 - INFO - Epoch [69], train_Loss_average: 0.3637, val_Loss_average: 1.0852, epoch_Time: 12.05s
2024-09-06 08:22:42 - INFO - Epoch [70], train_Loss_average: 0.4331, val_Loss_average: 1.0412, epoch_Time: 11.81s
2024-09-06 08:22:54 - INFO - Epoch [71], train_Loss_average: 0.4487, val_Loss_average: 1.0716, epoch_Time: 11.76s
2024-09-06 08:23:06 - INFO - Epoch [72], train_Loss_average: 0.3619, val_Loss_average: 1.1279, epoch_Time: 11.78s
2024-09-06 08:23:18 - INFO - Epoch [73], train_Loss_average: 0.3475, val_Loss_average: 1.0892, epoch_Time: 11.83s
2024-09-06 08:23:30 - INFO - Epoch [74], train_Loss_average: 0.3719, val_Loss_average: 1.0697, epoch_Time: 11.83s
2024-09-06 08:23:42 - INFO - Epoch [75], train_Loss_average: 0.3583, val_Loss_average: 1.0910, epoch_Time: 12.21s
2024-09-06 08:23:54 - INFO - Epoch [76], train_Loss_average: 0.3506, val_Loss_average: 1.0827, epoch_Time: 12.02s
2024-09-06 08:24:05 - INFO - Epoch [77], train_Loss_average: 0.3663, val_Loss_average: 1.0925, epoch_Time: 11.69s
2024-09-06 08:24:17 - INFO - Epoch [78], train_Loss_average: 0.3496, val_Loss_average: 1.1095, epoch_Time: 11.70s
2024-09-06 08:24:29 - INFO - Epoch [79], train_Loss_average: 0.3349, val_Loss_average: 1.0869, epoch_Time: 11.82s
2024-09-06 08:24:41 - INFO - Epoch [80], train_Loss_average: 0.3511, val_Loss_average: 1.1542, epoch_Time: 11.89s
2024-09-06 08:24:53 - INFO - Epoch [81], train_Loss_average: 0.3618, val_Loss_average: 1.1098, epoch_Time: 11.95s
2024-09-06 08:25:05 - INFO - Epoch [82], train_Loss_average: 0.3417, val_Loss_average: 1.1087, epoch_Time: 11.60s
2024-09-06 08:25:16 - INFO - Epoch [83], train_Loss_average: 0.3134, val_Loss_average: 1.0846, epoch_Time: 11.57s
2024-09-06 08:25:28 - INFO - Epoch [84], train_Loss_average: 0.3025, val_Loss_average: 1.0839, epoch_Time: 11.44s
2024-09-06 08:25:40 - INFO - Epoch [85], train_Loss_average: 0.3100, val_Loss_average: 1.1360, epoch_Time: 11.62s
2024-09-06 08:25:51 - INFO - Epoch [86], train_Loss_average: 0.3181, val_Loss_average: 1.1665, epoch_Time: 11.77s
2024-09-06 08:26:03 - INFO - Epoch [87], train_Loss_average: 0.3441, val_Loss_average: 1.1100, epoch_Time: 11.59s
2024-09-06 08:26:15 - INFO - Epoch [88], train_Loss_average: 0.3146, val_Loss_average: 1.1273, epoch_Time: 11.98s
2024-09-06 08:26:27 - INFO - Epoch [89], train_Loss_average: 0.3060, val_Loss_average: 1.1517, epoch_Time: 11.85s
2024-09-06 08:26:39 - INFO - Epoch [90], train_Loss_average: 0.3375, val_Loss_average: 1.1282, epoch_Time: 11.87s
2024-09-06 08:26:50 - INFO - Epoch [91], train_Loss_average: 0.3389, val_Loss_average: 1.1120, epoch_Time: 11.48s
2024-09-06 08:27:03 - INFO - Epoch [92], train_Loss_average: 0.3253, val_Loss_average: 1.0885, epoch_Time: 12.45s
2024-09-06 08:27:15 - INFO - Epoch [93], train_Loss_average: 0.3169, val_Loss_average: 1.0845, epoch_Time: 12.18s
2024-09-06 08:27:27 - INFO - Epoch [94], train_Loss_average: 0.2939, val_Loss_average: 1.0680, epoch_Time: 12.08s
2024-09-06 08:27:39 - INFO - Epoch [95], train_Loss_average: 0.2698, val_Loss_average: 1.1062, epoch_Time: 11.97s
2024-09-06 08:27:51 - INFO - Epoch [96], train_Loss_average: 0.2792, val_Loss_average: 1.1436, epoch_Time: 11.56s
2024-09-06 08:28:03 - INFO - Epoch [97], train_Loss_average: 0.2950, val_Loss_average: 1.1460, epoch_Time: 12.03s
2024-09-06 08:28:15 - INFO - Epoch [98], train_Loss_average: 0.3051, val_Loss_average: 1.0465, epoch_Time: 11.75s
2024-09-06 08:28:27 - INFO - Epoch [99], train_Loss_average: 0.3550, val_Loss_average: 1.0833, epoch_Time: 12.13s
2024-09-06 08:28:38 - INFO - Epoch [100], train_Loss_average: 0.3201, val_Loss_average: 1.0570, epoch_Time: 11.51s
